<?xml version="1.0" encoding="UTF-8"?>
<testsuite xmlns:xsi="http://www.w3.org/2001/XMLSchema-instance" xsi:noNamespaceSchemaLocation="https://maven.apache.org/surefire/maven-surefire-plugin/xsd/surefire-test-report.xsd" name="StepDefinitions.TestRunner" time="19.589" tests="2" errors="0" skipped="0" failures="0">
  <properties>
[...]
</properties>
  <testcase name="Crear cuenta nueva" classname="Registrar user" time="13.569"/>
  <testcase name="Validar texto" classname="Registro de usuarios de la pagina Parabank" time="5.733"/>
</testsuite>